2014-05-08 11:27:27.510 HelloWorld[8011:70b] Multi-tasking -> Device: YES, App: YES
2014-05-08 11:27:27.903 HelloWorld[8011:70b] Resetting plugins due to page load.
2014-05-08 11:27:28.030 HelloWorld[8011:70b] Finished load of: file:///Users/davidengelmaier/Library/Application%20Support/iPhone%20Simulator/7.1/Applications/4126FCEB-E447-4E7A-9D49-BF769A152B68/HelloWorld.app/www/index.html
2014-05-08 11:49:55.533 Instaplan App[14400:70b] Multi-tasking -> Device: YES, App: YES
2014-05-08 11:49:55.699 Instaplan App[14400:70b] Resetting plugins due to page load.
2014-05-08 11:49:55.735 Instaplan App[14400:3f07] ERROR whitelist rejection: url='http://code.createjs.com/easeljs-0.7.0.min.js'
2014-05-08 11:49:55.735 Instaplan App[14400:3f07] ERROR whitelist rejection: url='http://code.createjs.com/easeljs-0.7.0.min.js'
2014-05-08 11:49:55.735 Instaplan App[14400:3f07] ERROR whitelist rejection: url='http://code.createjs.com/easeljs-0.7.0.min.js'
2014-05-08 11:49:55.737 Instaplan App[14400:3f07] ERROR whitelist rejection: url='http://code.createjs.com/tweenjs-0.5.0.min.js'
2014-05-08 11:49:55.737 Instaplan App[14400:3f07] ERROR whitelist rejection: url='http://code.createjs.com/tweenjs-0.5.0.min.js'
2014-05-08 11:49:55.737 Instaplan App[14400:3f07] ERROR whitelist rejection: url='http://code.createjs.com/tweenjs-0.5.0.min.js'
2014-05-08 11:49:55.738 Instaplan App[14400:3f07] ERROR whitelist rejection: url='http://code.createjs.com/movieclip-0.7.0.min.js'
2014-05-08 11:49:55.738 Instaplan App[14400:3f07] ERROR whitelist rejection: url='http://code.createjs.com/movieclip-0.7.0.min.js'
2014-05-08 11:49:55.739 Instaplan App[14400:3f07] ERROR whitelist rejection: url='http://code.createjs.com/movieclip-0.7.0.min.js'
2014-05-08 11:49:55.740 Instaplan App[14400:3f07] ERROR whitelist rejection: url='http://code.createjs.com/preloadjs-0.4.0.min.js'
2014-05-08 11:49:55.740 Instaplan App[14400:3f07] ERROR whitelist rejection: url='http://code.createjs.com/preloadjs-0.4.0.min.js'
2014-05-08 11:49:55.740 Instaplan App[14400:3f07] ERROR whitelist rejection: url='http://code.createjs.com/preloadjs-0.4.0.min.js'
2014-05-08 11:49:55.940 Instaplan App[14400:70b] Finished load of: file:///Users/davidengelmaier/Library/Application%20Support/iPhone%20Simulator/7.1/Applications/46734118-3F06-46AF-A8C6-39D8AD6EEBDA/Instaplan%20App.app/www/index.html
2014-05-08 11:50:42.341 Instaplan App[15419:70b] Multi-tasking -> Device: YES, App: YES
2014-05-08 11:50:42.481 Instaplan App[15419:70b] Resetting plugins due to page load.
2014-05-08 11:50:42.518 Instaplan App[15419:3d07] ERROR whitelist rejection: url='http://code.createjs.com/easeljs-0.7.0.min.js'
2014-05-08 11:50:42.518 Instaplan App[15419:3d07] ERROR whitelist rejection: url='http://code.createjs.com/easeljs-0.7.0.min.js'
2014-05-08 11:50:42.519 Instaplan App[15419:3d07] ERROR whitelist rejection: url='http://code.createjs.com/easeljs-0.7.0.min.js'
2014-05-08 11:50:42.519 Instaplan App[15419:3d07] ERROR whitelist rejection: url='http://code.createjs.com/tweenjs-0.5.0.min.js'
2014-05-08 11:50:42.520 Instaplan App[15419:3d07] ERROR whitelist rejection: url='http://code.createjs.com/tweenjs-0.5.0.min.js'
2014-05-08 11:50:42.520 Instaplan App[15419:3d07] ERROR whitelist rejection: url='http://code.createjs.com/tweenjs-0.5.0.min.js'
2014-05-08 11:50:42.521 Instaplan App[15419:3d07] ERROR whitelist rejection: url='http://code.createjs.com/movieclip-0.7.0.min.js'
2014-05-08 11:50:42.521 Instaplan App[15419:3d07] ERROR whitelist rejection: url='http://code.createjs.com/movieclip-0.7.0.min.js'
2014-05-08 11:50:42.521 Instaplan App[15419:3d07] ERROR whitelist rejection: url='http://code.createjs.com/movieclip-0.7.0.min.js'
2014-05-08 11:50:42.522 Instaplan App[15419:3d07] ERROR whitelist rejection: url='http://code.createjs.com/preloadjs-0.4.0.min.js'
2014-05-08 11:50:42.523 Instaplan App[15419:3d07] ERROR whitelist rejection: url='http://code.createjs.com/preloadjs-0.4.0.min.js'
2014-05-08 11:50:42.523 Instaplan App[15419:3d07] ERROR whitelist rejection: url='http://code.createjs.com/preloadjs-0.4.0.min.js'
2014-05-08 11:50:42.710 Instaplan App[15419:70b] Finished load of: file:///Users/davidengelmaier/Library/Application%20Support/iPhone%20Simulator/7.1/Applications/46734118-3F06-46AF-A8C6-39D8AD6EEBDA/Instaplan%20App.app/www/index.html
2014-05-08 11:52:14.325 Instaplan App[16609:70b] Multi-tasking -> Device: YES, App: YES
2014-05-08 11:52:14.463 Instaplan App[16609:70b] Resetting plugins due to page load.
2014-05-08 11:52:14.490 Instaplan App[16609:4003] ERROR whitelist rejection: url='http://code.createjs.com/easeljs-0.7.0.min.js'
2014-05-08 11:52:14.490 Instaplan App[16609:4003] ERROR whitelist rejection: url='http://code.createjs.com/easeljs-0.7.0.min.js'
2014-05-08 11:52:14.491 Instaplan App[16609:4003] ERROR whitelist rejection: url='http://code.createjs.com/easeljs-0.7.0.min.js'
2014-05-08 11:52:14.492 Instaplan App[16609:4003] ERROR whitelist rejection: url='http://code.createjs.com/tweenjs-0.5.0.min.js'
2014-05-08 11:52:14.493 Instaplan App[16609:4003] ERROR whitelist rejection: url='http://code.createjs.com/tweenjs-0.5.0.min.js'
2014-05-08 11:52:14.493 Instaplan App[16609:4003] ERROR whitelist rejection: url='http://code.createjs.com/tweenjs-0.5.0.min.js'
2014-05-08 11:52:14.494 Instaplan App[16609:4003] ERROR whitelist rejection: url='http://code.createjs.com/movieclip-0.7.0.min.js'
2014-05-08 11:52:14.495 Instaplan App[16609:4003] ERROR whitelist rejection: url='http://code.createjs.com/movieclip-0.7.0.min.js'
2014-05-08 11:52:14.495 Instaplan App[16609:4003] ERROR whitelist rejection: url='http://code.createjs.com/movieclip-0.7.0.min.js'
2014-05-08 11:52:14.497 Instaplan App[16609:4003] ERROR whitelist rejection: url='http://code.createjs.com/preloadjs-0.4.0.min.js'
2014-05-08 11:52:14.497 Instaplan App[16609:4003] ERROR whitelist rejection: url='http://code.createjs.com/preloadjs-0.4.0.min.js'
2014-05-08 11:52:14.498 Instaplan App[16609:4003] ERROR whitelist rejection: url='http://code.createjs.com/preloadjs-0.4.0.min.js'
2014-05-08 11:52:14.722 Instaplan App[16609:70b] Finished load of: file:///Users/davidengelmaier/Library/Application%20Support/iPhone%20Simulator/7.1/Applications/46734118-3F06-46AF-A8C6-39D8AD6EEBDA/Instaplan%20App.app/www/index.html
2014-05-08 11:58:34.314 HelloWorld[19537:70b] Multi-tasking -> Device: YES, App: YES
2014-05-08 11:58:34.457 HelloWorld[19537:70b] Resetting plugins due to page load.
2014-05-08 11:58:34.522 HelloWorld[19537:70b] Finished load of: file:///Users/davidengelmaier/Library/Application%20Support/iPhone%20Simulator/7.1/Applications/4126FCEB-E447-4E7A-9D49-BF769A152B68/HelloWorld.app/www/index.html
2014-05-08 11:58:40.073 HelloWorld[19537:70b] ERROR: Plugin 'Camera' not found, or is not a CDVPlugin. Check your plugin mapping in config.xml.
2014-05-08 11:58:40.074 HelloWorld[19537:70b] -[CDVCommandQueue executePending] [Line 158] FAILED pluginJSON = [
  "Camera89407034",
  "Camera",
  "takePicture",
  [
    20,
    0,
    1,
    -1,
    -1,
    0,
    0,
    true,
    false,
    false,
    null,
    0
  ]
]
2014-05-08 11:58:41.648 HelloWorld[19537:70b] ERROR: Plugin 'Camera' not found, or is not a CDVPlugin. Check your plugin mapping in config.xml.
2014-05-08 11:58:41.648 HelloWorld[19537:70b] -[CDVCommandQueue executePending] [Line 158] FAILED pluginJSON = [
  "Camera89407035",
  "Camera",
  "takePicture",
  [
    50,
    0,
    1,
    -1,
    -1,
    0,
    0,
    false,
    false,
    false,
    null,
    0
  ]
]
2014-05-08 11:58:45.849 HelloWorld[19537:70b] ERROR: Plugin 'Camera' not found, or is not a CDVPlugin. Check your plugin mapping in config.xml.
2014-05-08 11:58:45.850 HelloWorld[19537:70b] -[CDVCommandQueue executePending] [Line 158] FAILED pluginJSON = [
  "Camera89407036",
  "Camera",
  "takePicture",
  [
    50,
    0,
    1,
    -1,
    -1,
    0,
    0,
    false,
    false,
    false,
    null,
    0
  ]
]
